<?xml version="1.0" encoding="UTF-8"?>
<!-- Generated by org.testng.reporters.JUnitReportReporter -->
<testsuite skipped="0" hostname="DESKTOP-444NARP" name="mavendemo.Dependsonmethod" tests="3" failures="0" timestamp="2020-01-26T13:13:05 PST" time="0.016" errors="0">
  <testcase name="search" time="0.004" classname="mavendemo.Dependsonmethod"/>
  <testcase name="login" time="0.004" classname="mavendemo.Dependsonmethod"/>
  <testcase name="book" time="0.008" classname="mavendemo.Dependsonmethod"/>
</testsuite> <!-- mavendemo.Dependsonmethod -->
